<?xml version="1.0" encoding="UTF-8"?>
<testng-results skipped="1" failed="0" total="1" passed="0">
  <reporter-output>
  </reporter-output>
  <suite name="Default suite" duration-ms="17" started-at="2014-06-04T15:06:42Z" finished-at="2014-06-04T15:06:42Z">
    <groups>
    </groups>
    <test name="Default test" duration-ms="17" started-at="2014-06-04T15:06:42Z" finished-at="2014-06-04T15:06:42Z">
      <class name="com.stratio.ssandreta.test.SelectStatementTest">
        <test-method status="FAIL" signature="setup()[pri:0, instance:com.stratio.ssandreta.test.SelectStatementTest@53533bdf]" name="setup" is-config="true" duration-ms="0" started-at="2014-06-04T17:06:41Z" finished-at="2014-06-04T17:06:41Z">
          <exception class="java.lang.NoSuchMethodError">
            <message>
              <![CDATA[org.yaml.snakeyaml.constructor.Constructor.setPropertyUtils(Lorg/yaml/snakeyaml/introspector/PropertyUtils;)V]]>
            </message>
            <full-stacktrace>
              <![CDATA[java.lang.NoSuchMethodError: org.yaml.snakeyaml.constructor.Constructor.setPropertyUtils(Lorg/yaml/snakeyaml/introspector/PropertyUtils;)V
	at org.apache.cassandra.config.YamlConfigurationLoader.loadConfig(YamlConfigurationLoader.java:91)
	at org.apache.cassandra.config.DatabaseDescriptor.loadConfig(DatabaseDescriptor.java:134)
	at org.apache.cassandra.config.DatabaseDescriptor.<clinit>(DatabaseDescriptor.java:110)
	at com.stratio.ssandreta.CassandraServer.mkdirs(CassandraServer.java:183)
	at com.stratio.ssandreta.CassandraServer.cleanupAndLeaveDirs(CassandraServer.java:148)
	at com.stratio.ssandreta.CassandraServer.start(CassandraServer.java:90)
	at com.stratio.ssandreta.BaseMetaTest.setup(BaseMetaTest.java:14)
	at sun.reflect.NativeMethodAccessorImpl.invoke0(Native Method)
	at sun.reflect.NativeMethodAccessorImpl.invoke(NativeMethodAccessorImpl.java:57)
	at sun.reflect.DelegatingMethodAccessorImpl.invoke(DelegatingMethodAccessorImpl.java:43)
	at java.lang.reflect.Method.invoke(Method.java:606)
	at org.testng.internal.MethodInvocationHelper.invokeMethod(MethodInvocationHelper.java:84)
	at org.testng.internal.Invoker.invokeConfigurationMethod(Invoker.java:564)
	at org.testng.internal.Invoker.invokeConfigurations(Invoker.java:213)
	at org.testng.internal.Invoker.invokeConfigurations(Invoker.java:138)
	at org.testng.SuiteRunner.privateRun(SuiteRunner.java:277)
	at org.testng.SuiteRunner.run(SuiteRunner.java:240)
	at org.testng.SuiteRunnerWorker.runSuite(SuiteRunnerWorker.java:52)
	at org.testng.SuiteRunnerWorker.run(SuiteRunnerWorker.java:86)
	at org.testng.TestNG.runSuitesSequentially(TestNG.java:1224)
	at org.testng.TestNG.runSuitesLocally(TestNG.java:1149)
	at org.testng.TestNG.run(TestNG.java:1057)
	at org.testng.remote.RemoteTestNG.run(RemoteTestNG.java:111)
	at org.testng.remote.RemoteTestNG.initAndRun(RemoteTestNG.java:204)
	at org.testng.remote.RemoteTestNG.main(RemoteTestNG.java:175)
]]>
            </full-stacktrace>
          </exception> <!-- java.lang.NoSuchMethodError -->
          <reporter-output>
          </reporter-output>
        </test-method> <!-- setup -->
        <test-method status="SKIP" signature="setUpBeforeClass()[pri:0, instance:com.stratio.ssandreta.test.SelectStatementTest@53533bdf]" name="setUpBeforeClass" is-config="true" duration-ms="0" started-at="2014-06-04T17:06:42Z" finished-at="2014-06-04T17:06:42Z">
          <reporter-output>
          </reporter-output>
        </test-method> <!-- setUpBeforeClass -->
        <test-method status="SKIP" signature="simpleCassandraSelectTest()[pri:0, instance:com.stratio.ssandreta.test.SelectStatementTest@53533bdf]" name="simpleCassandraSelectTest" duration-ms="1" started-at="2014-06-04T17:06:42Z" finished-at="2014-06-04T17:06:42Z">
          <reporter-output>
          </reporter-output>
        </test-method> <!-- simpleCassandraSelectTest -->
        <test-method status="SKIP" signature="tearDownAfterClass()[pri:0, instance:com.stratio.ssandreta.test.SelectStatementTest@53533bdf]" name="tearDownAfterClass" is-config="true" duration-ms="0" started-at="2014-06-04T17:06:42Z" finished-at="2014-06-04T17:06:42Z">
          <reporter-output>
          </reporter-output>
        </test-method> <!-- tearDownAfterClass -->
        <test-method status="SKIP" signature="closeAndClean()[pri:0, instance:com.stratio.ssandreta.test.SelectStatementTest@53533bdf]" name="closeAndClean" is-config="true" duration-ms="0" started-at="2014-06-04T17:06:42Z" finished-at="2014-06-04T17:06:42Z">
          <reporter-output>
          </reporter-output>
        </test-method> <!-- closeAndClean -->
      </class> <!-- com.stratio.ssandreta.test.SelectStatementTest -->
    </test> <!-- Default test -->
  </suite> <!-- Default suite -->
</testng-results>
